============================= test session starts ==============================
platform linux -- Python 3.10.12, pytest-9.1.1, pluggy-1.6.0 -- /usr/bin/python3
cachedir: .pytest_cache
rootdir: /sessions/intelligent-vibrant-dirac/mnt/HORN-JAX.dev
configfile: pyproject.toml
testpaths: tests
collecting ... collected 20 items

tests/test_dynamics.py::test_matches_analytic_underdamped PASSED         [  5%]
tests/test_dynamics.py::test_energy_conserved_when_undamped PASSED       [ 10%]
tests/test_dynamics.py::test_overdamped_decays_without_oscillating PASSED [ 15%]
tests/test_dynamics.py::test_heterogeneous_frequencies_are_independent PASSED [ 20%]
tests/test_dynamics.py::test_gradients_flow PASSED                       [ 25%]
tests/test_model.py::test_forward_shapes PASSED                          [ 30%]
tests/test_model.py::test_readout_uses_velocity PASSED                   [ 35%]
tests/test_model.py::test_batch_is_independent PASSED                    [ 40%]
tests/test_model.py::test_gradients_finite_and_nonzero PASSED            [ 45%]
tests/test_model.py::test_freeze_zeroes_only_oscillator_constants PASSED [ 50%]
tests/test_model.py::test_usable_band_ratio_depends_only_on_length PASSED [ 55%]
tests/test_model.py::test_band_summary_roundtrip PASSED                  [ 60%]
tests/test_model.py::test_log_spaced_bands_endpoints PASSED              [ 65%]
tests/test_tasks.py::test_power_spectrum_is_matched_across_classes PASSED [ 70%]
tests/test_tasks.py::test_biphase_survives_a_global_time_shift PASSED    [ 75%]
tests/test_tasks.py::test_global_phase_is_random_so_absolute_phase_carries_nothing PASSED [ 80%]
tests/test_tasks.py::test_classes_are_actually_distinguishable PASSED    [ 85%]
tests/test_tasks.py::test_matched_parameter_count_between_conditions PASSED [ 90%]
tests/test_tasks.py::test_freq_batch_still_works PASSED                  [ 95%]
tests/test_tasks.py::test_noise_does_not_leak_the_label PASSED           [100%]

============================= slowest 5 durations ==============================
1.50s call     tests/test_model.py::test_gradients_finite_and_nonzero
1.18s call     tests/test_dynamics.py::test_gradients_flow
1.06s call     tests/test_model.py::test_forward_shapes
0.84s call     tests/test_tasks.py::test_freq_batch_still_works
0.75s call     tests/test_model.py::test_band_summary_roundtrip
============================= 20 passed in 10.00s ==============================
