============================= test session starts ==============================
platform linux -- Python 3.10.12, pytest-9.1.1, pluggy-1.6.0 -- /usr/bin/python3
cachedir: .pytest_cache
rootdir: /sessions/intelligent-vibrant-dirac/mnt/HORN-JAX.dev
configfile: pyproject.toml
testpaths: tests
collecting ... collected 32 items

tests/test_data.py::test_idx_roundtrip PASSED                            [  3%]
tests/test_data.py::test_idx_rejects_bad_headers PASSED                  [  6%]
tests/test_data.py::test_cache_validation_rejects_stale_layouts PASSED   [  9%]
tests/test_data.py::test_stale_cache_is_deleted_not_used PASSED          [ 12%]
tests/test_data.py::test_load_mnist_reads_cache_and_scales PASSED        [ 15%]
tests/test_data.py::test_unknown_scale_raises_before_any_io PASSED       [ 18%]
tests/test_dynamics.py::test_matches_analytic_underdamped PASSED         [ 21%]
tests/test_dynamics.py::test_energy_conserved_when_undamped PASSED       [ 25%]
tests/test_dynamics.py::test_overdamped_decays_without_oscillating PASSED [ 28%]
tests/test_dynamics.py::test_heterogeneous_frequencies_are_independent PASSED [ 31%]
tests/test_dynamics.py::test_gradients_flow PASSED                       [ 34%]
tests/test_model.py::test_forward_shapes PASSED                          [ 37%]
tests/test_model.py::test_readout_uses_velocity PASSED                   [ 40%]
tests/test_model.py::test_batch_is_independent PASSED                    [ 43%]
tests/test_model.py::test_gradients_finite_and_nonzero PASSED            [ 46%]
tests/test_model.py::test_freeze_zeroes_only_oscillator_constants PASSED [ 50%]
tests/test_model.py::test_usable_band_ratio_depends_only_on_length PASSED [ 53%]
tests/test_model.py::test_band_summary_roundtrip PASSED                  [ 56%]
tests/test_model.py::test_log_spaced_bands_endpoints PASSED              [ 59%]
tests/test_model.py::test_drive_balance_and_recurrence_leverage PASSED   [ 62%]
tests/test_model.py::test_rec_gain_rejects_unknown_values PASSED         [ 65%]
tests/test_paths.py::test_repo_is_the_package_parent PASSED              [ 68%]
tests/test_paths.py::test_paths_do_not_depend_on_cwd PASSED              [ 71%]
tests/test_paths.py::test_helpers_create_on_demand_and_return_child PASSED [ 75%]
tests/test_paths.py::test_import_has_no_disk_side_effects PASSED         [ 78%]
tests/test_tasks.py::test_power_spectrum_is_matched_across_classes PASSED [ 81%]
tests/test_tasks.py::test_biphase_survives_a_global_time_shift PASSED    [ 84%]
tests/test_tasks.py::test_global_phase_is_random_so_absolute_phase_carries_nothing PASSED [ 87%]
tests/test_tasks.py::test_classes_are_actually_distinguishable PASSED    [ 90%]
tests/test_tasks.py::test_matched_parameter_count_between_conditions PASSED [ 93%]
tests/test_tasks.py::test_freq_batch_still_works PASSED                  [ 96%]
tests/test_tasks.py::test_noise_does_not_leak_the_label PASSED           [100%]

============================= slowest 5 durations ==============================
1.17s call     tests/test_model.py::test_drive_balance_and_recurrence_leverage
1.13s call     tests/test_model.py::test_gradients_finite_and_nonzero
0.96s call     tests/test_dynamics.py::test_gradients_flow
0.93s call     tests/test_model.py::test_forward_shapes
0.69s call     tests/test_tasks.py::test_freq_batch_still_works
============================== 32 passed in 9.52s ==============================
